0 info it worked if it ends with ok
1 verbose cli [ '/home/ec2-user/.nvm/versions/node/v6.1.0/bin/node',
1 verbose cli   '/home/ec2-user/.nvm/versions/node/v6.1.0/bin/npm',
1 verbose cli   'run',
1 verbose cli   'new-adapter',
1 verbose cli   'UWG' ]
2 info using npm@3.8.6
3 info using node@v6.1.0
4 verbose run-script [ 'prenew-adapter', 'new-adapter', 'postnew-adapter' ]
5 info lifecycle ht-wrapper-adapters@1.0.0~prenew-adapter: ht-wrapper-adapters@1.0.0
6 silly lifecycle ht-wrapper-adapters@1.0.0~prenew-adapter: no script for prenew-adapter, continuing
7 info lifecycle ht-wrapper-adapters@1.0.0~new-adapter: ht-wrapper-adapters@1.0.0
8 verbose lifecycle ht-wrapper-adapters@1.0.0~new-adapter: unsafe-perm in lifecycle true
9 verbose lifecycle ht-wrapper-adapters@1.0.0~new-adapter: PATH: /home/ec2-user/.nvm/versions/node/v6.1.0/lib/node_modules/npm/bin/node-gyp-bin:/home/ec2-user/ht-wrapper-adapters/node_modules/.bin:/home/ec2-user/.nvm/versions/node/v6.1.0/bin:/home/ec2-user/.nvm/versions/node/v6.1.0/lib:/home/ec2-user/.nvm/versions/node/v6.1.0/bin:/usr/local/bin:/bin:/usr/bin:/usr/local/sbin:/usr/sbin:/sbin:/opt/aws/bin:/home/ec2-user/.local/bin:/home/ec2-user/bin
10 verbose lifecycle ht-wrapper-adapters@1.0.0~new-adapter: CWD: /home/ec2-user/ht-wrapper-adapters
11 silly lifecycle ht-wrapper-adapters@1.0.0~new-adapter: Args: [ '-c',
11 silly lifecycle   'node ./node_modules/base-adapter-template/bin/bootstrap.js "UWG"' ]
12 silly lifecycle ht-wrapper-adapters@1.0.0~new-adapter: Returned: code: 1  signal: null
13 info lifecycle ht-wrapper-adapters@1.0.0~new-adapter: Failed to exec new-adapter script
14 verbose stack Error: ht-wrapper-adapters@1.0.0 new-adapter: `node ./node_modules/base-adapter-template/bin/bootstrap.js "UWG"`
14 verbose stack Exit status 1
14 verbose stack     at EventEmitter.<anonymous> (/home/ec2-user/.nvm/versions/node/v6.1.0/lib/node_modules/npm/lib/utils/lifecycle.js:239:16)
14 verbose stack     at emitTwo (events.js:106:13)
14 verbose stack     at EventEmitter.emit (events.js:191:7)
14 verbose stack     at ChildProcess.<anonymous> (/home/ec2-user/.nvm/versions/node/v6.1.0/lib/node_modules/npm/lib/utils/spawn.js:24:14)
14 verbose stack     at emitTwo (events.js:106:13)
14 verbose stack     at ChildProcess.emit (events.js:191:7)
14 verbose stack     at maybeClose (internal/child_process.js:850:16)
14 verbose stack     at Process.ChildProcess._handle.onexit (internal/child_process.js:215:5)
15 verbose pkgid ht-wrapper-adapters@1.0.0
16 verbose cwd /home/ec2-user/ht-wrapper-adapters
17 error Linux 4.9.20-10.30.amzn1.x86_64
18 error argv "/home/ec2-user/.nvm/versions/node/v6.1.0/bin/node" "/home/ec2-user/.nvm/versions/node/v6.1.0/bin/npm" "run" "new-adapter" "UWG"
19 error node v6.1.0
20 error npm  v3.8.6
21 error code ELIFECYCLE
22 error ht-wrapper-adapters@1.0.0 new-adapter: `node ./node_modules/base-adapter-template/bin/bootstrap.js "UWG"`
22 error Exit status 1
23 error Failed at the ht-wrapper-adapters@1.0.0 new-adapter script 'node ./node_modules/base-adapter-template/bin/bootstrap.js "UWG"'.
23 error Make sure you have the latest version of node.js and npm installed.
23 error If you do, this is most likely a problem with the ht-wrapper-adapters package,
23 error not with npm itself.
23 error Tell the author that this fails on your system:
23 error     node ./node_modules/base-adapter-template/bin/bootstrap.js "UWG"
23 error You can get information on how to open an issue for this project with:
23 error     npm bugs ht-wrapper-adapters
23 error Or if that isn't available, you can get their info via:
23 error     npm owner ls ht-wrapper-adapters
23 error There is likely additional logging output above.
24 verbose exit [ 1, true ]
